Traceback (most recent call last):
  File "/home/pi/Documents/SRP/flight_software/fly.py", line 374, in <module>
    update_statemachine()
  File "/home/pi/Documents/SRP/flight_software/fly.py", line 125, in update_statemachine
    if battery_full() and sensors_present():
  File "/home/pi/Documents/SRP/flight_software/fly.py", line 57, in sensors_present
    i2cdetect = subprocess.Popen(['i2cdetect', '-y', '1'],stdout=subprocess.PIPE,)
  File "/usr/lib/python3.5/subprocess.py", line 676, in __init__
    restore_signals, start_new_session)
  File "/usr/lib/python3.5/subprocess.py", line 1282, in _execute_child
    raise child_exception_type(errno_num, err_msg)
FileNotFoundError: [Errno 2] No such file or directory: 'i2cdetect'
Traceback (most recent call last):
  File "/home/pi/Documents/SRP/flight_software/fly.py", line 374, in <module>
    update_statemachine()
  File "/home/pi/Documents/SRP/flight_software/fly.py", line 125, in update_statemachine
    if battery_full() and sensors_present():
  File "/home/pi/Documents/SRP/flight_software/fly.py", line 57, in sensors_present
    i2cdetect = subprocess.Popen(['i2cdetect', '-y', '1'],stdout=subprocess.PIPE,)
  File "/usr/lib/python3.5/subprocess.py", line 676, in __init__
    restore_signals, start_new_session)
  File "/usr/lib/python3.5/subprocess.py", line 1282, in _execute_child
    raise child_exception_type(errno_num, err_msg)
FileNotFoundError: [Errno 2] No such file or directory: 'i2cdetect'
Traceback (most recent call last):
  File "/home/pi/Documents/SRP/flight_software/fly.py", line 374, in <module>
    update_statemachine()
  File "/home/pi/Documents/SRP/flight_software/fly.py", line 125, in update_statemachine
    if battery_full() and sensors_present():
  File "/home/pi/Documents/SRP/flight_software/fly.py", line 57, in sensors_present
    i2cdetect = subprocess.Popen(['i2cdetect', '-y', '1'],stdout=subprocess.PIPE,)
  File "/usr/lib/python3.5/subprocess.py", line 676, in __init__
    restore_signals, start_new_session)
  File "/usr/lib/python3.5/subprocess.py", line 1282, in _execute_child
    raise child_exception_type(errno_num, err_msg)
FileNotFoundError: [Errno 2] No such file or directory: 'i2cdetect'
Traceback (most recent call last):
  File "/home/pi/Documents/SRP/flight_software/fly.py", line 374, in <module>
    update_statemachine()
  File "/home/pi/Documents/SRP/flight_software/fly.py", line 125, in update_statemachine
    if battery_full() and sensors_present():
  File "/home/pi/Documents/SRP/flight_software/fly.py", line 57, in sensors_present
    i2cdetect = subprocess.Popen(['i2cdetect', '-y', '1'],stdout=subprocess.PIPE,)
  File "/usr/lib/python3.5/subprocess.py", line 676, in __init__
    restore_signals, start_new_session)
  File "/usr/lib/python3.5/subprocess.py", line 1282, in _execute_child
    raise child_exception_type(errno_num, err_msg)
FileNotFoundError: [Errno 2] No such file or directory: 'i2cdetect'
Traceback (most recent call last):
  File "/home/pi/Documents/SRP/flight_software/fly.py", line 375, in <module>
    time.sleep(max(0,(state_intervals[state]-(time.time()-start))))  # slows down the loop to max x Hz
KeyboardInterrupt
Traceback (most recent call last):
  File "/home/pi/Documents/SRP/flight_software/fly.py", line 375, in <module>
    time.sleep(max(0,(state_intervals[state]-(time.time()-start))))  # slows down the loop to max x Hz
KeyboardInterrupt
Exception ignored in: <module 'threading' from '/usr/lib/python3.5/threading.py'>
Traceback (most recent call last):
  File "/usr/lib/python3.5/threading.py", line 1288, in _shutdown
    t.join()
  File "/usr/lib/python3.5/threading.py", line 1054, in join
    self._wait_for_tstate_lock()
  File "/usr/lib/python3.5/threading.py", line 1070, in _wait_for_tstate_lock
    elif lock.acquire(block, timeout):
KeyboardInterrupt
Traceback (most recent call last):
  File "/home/pi/Documents/SRP/flight_software/fly.py", line 376, in <module>
    time.sleep(max(0,(state_intervals[state]-(time.time()-start))))  # slows down the loop to max x Hz
KeyboardInterrupt
Exception in thread Thread-9:
Traceback (most recent call last):
  File "/usr/lib/python3.5/threading.py", line 914, in _bootstrap_inner
    self.run()
  File "/usr/lib/python3.5/threading.py", line 862, in run
    self._target(*self._args, **self._kwargs)
  File "/home/pi/Documents/SRP/flight_software/fly.py", line 241, in __blink_thread
    GPIO.output(self.pin, not self.state)
RuntimeError: Please set pin numbering mode using GPIO.setmode(GPIO.BOARD) or GPIO.setmode(GPIO.BCM)

Traceback (most recent call last):
  File "/home/pi/Documents/SRP/flight_software/fly.py", line 376, in <module>
    time.sleep(max(0,(state_intervals[state]-(time.time()-start))))  # slows down the loop to max x Hz
KeyboardInterrupt
Failed to connect to bus: Connection refused
Failed to open /dev/initctl: No such device or address
Failed to talk to init daemon.
Traceback (most recent call last):
  File "/home/pi/Documents/SRP/flight_software/fly.py", line 376, in <module>
    time.sleep(max(0,(state_intervals[state]-(time.time()-start))))  # slows down the loop to max x Hz
KeyboardInterrupt
Traceback (most recent call last):
  File "/home/pi/Documents/SRP/flight_software/fly.py", line 376, in <module>
    time.sleep(max(0,(state_intervals[state]-(time.time()-start))))  # slows down the loop to max x Hz
KeyboardInterrupt
Traceback (most recent call last):
  File "/home/pi/Documents/SRP/flight_software/fly.py", line 376, in <module>
    time.sleep(max(0,(state_intervals[state]-(time.time()-start))))  # slows down the loop to max x Hz
KeyboardInterrupt
Traceback (most recent call last):
  File "/home/pi/Documents/SRP/flight_software/fly.py", line 376, in <module>
    time.sleep(max(0,(state_intervals[state]-(time.time()-start))))  # slows down the loop to max x Hz
KeyboardInterrupt
Failed to connect to bus: Connection refused
Failed to open /dev/initctl: No such device or address
Failed to talk to init daemon.
Failed to connect to bus: Connection refused
Failed to open /dev/initctl: No such device or address
Failed to talk to init daemon.
Traceback (most recent call last):
  File "/home/pi/Documents/SRP/flight_software/fly.py", line 375, in <module>
    time.sleep(max(0,(state_intervals[state]-(time.time()-start))))  # slows down the loop to max x Hz
KeyboardInterrupt
